


ARM Macro Assembler    Page 1 


    1 00000000         #line   1                "..\\lpcopen\\software\\freerto
s\\startup_code\\keil_freertos_startup_lpc17xx40xx.s"
    1 00000000         ;
    2 00000000         
    3 00000000         
    4 00000000         
    5 00000000         
    6 00000000         
    7 00000000         
    8 00000000         
    9 00000000         
   10 00000000         
   11 00000000         
   12 00000000         
   13 00000000         
   14 00000000         
   15 00000000         
   16 00000000         
   17 00000000         
   18 00000000         
   19 00000000         
   20 00000000         
   21 00000000         
   22 00000000         
   23 00000000         
   24 00000000         
   25 00000000         
   26 00000000         
   27 00000000         
   28 00000000         
   29 00000000         
   30 00000000         
   31 00000000         
   32 00000000         #line   1                "..\\lpcopen\\software\\lpc_cor
e\\lpc_board\\boards_17xx_40xx\\lpc1766stk\\sys_config.h"
    1 00000000         
    2 00000000         
    3 00000000         
    4 00000000         
    5 00000000         
    6 00000000         
    7 00000000         
    8 00000000         
    9 00000000         
   10 00000000         
   11 00000000         
   12 00000000         
   13 00000000         
   14 00000000         
   15 00000000         
   16 00000000         
   17 00000000         
   18 00000000         
   19 00000000         
   20 00000000         
   21 00000000         
   22 00000000         
   23 00000000         
   24 00000000         



ARM Macro Assembler    Page 2 


   25 00000000         
   26 00000000         
   27 00000000         
   28 00000000         
   29 00000000         
   30 00000000         
   31 00000000         
   32 00000000         
   33 00000000         
   34 00000000         
   35 00000000         
   36 00000000         
   37 00000000         
   38 00000000         
   39 00000000         
   40 00000000         
   41 00000000         
   42 00000000         
   43 00000000         
   44 00000000         
   45 00000000         
   46 00000000         
   47 00000000         
   48 00000000         
   49 00000000         
   50 00000000         
   51 00000000         
   52 00000000         
   53 00000000         
   54 00000000         
   55 00000000         
   56 00000000         
   57 00000000         
   58 00000000         
   59 00000000         
   60 00000000         
   61 00000000         #line   33               "..\\lpcopen\\software\\freerto
s\\startup_code\\keil_freertos_startup_lpc17xx40xx.s"
   33 00000000         
   34 00000000         ; <h> Stack Configuration
   35 00000000         ;   <o> Stack Size (in Bytes) <0x0-0xFFFFFFFF:8>
   36 00000000         ; </h>
   37 00000000         
   38 00000000 00000200 
                       Stack_Size
                               EQU              0x00000200
   39 00000000         
   40 00000000                 AREA             STACK, NOINIT, READWRITE, ALIGN
=3
   41 00000000         Stack_Mem
                               SPACE            Stack_Size
   42 00000200         __initial_sp
   43 00000200         
   44 00000200         ; <h> Heap Configuration
   45 00000200         ;   <o>  Heap Size (in Bytes) <0x0-0xFFFFFFFF:8>
   46 00000200         ; </h>
   47 00000200         
   48 00000200 00003000 
                       Heap_Size



ARM Macro Assembler    Page 3 


                               EQU              0x00003000
   49 00000200         
   50 00000200                 AREA             HEAP, NOINIT, READWRITE, ALIGN=
3
   51 00000000         __heap_base
   52 00000000         Heap_Mem
                               SPACE            Heap_Size
   53 00003000         __heap_limit
   54 00003000                 EXTERN           xPortSysTickHandler
   55 00003000                 EXTERN           xPortPendSVHandler
   56 00003000                 EXTERN           vPortSVCHandler
   57 00003000                 PRESERVE8
   58 00003000                 THUMB
   59 00003000         
   60 00003000         ; Vector Table Mapped to Address 0 at Reset
   61 00003000         
   62 00003000                 AREA             RESET, DATA, READONLY
   63 00000000                 EXPORT           __Vectors
   64 00000000         
   65 00000000 5A5A5A5A 
                       Sign_Value
                               EQU              0x5A5A5A5A
   66 00000000         
   67 00000000 00000000 
                       __Vectors
                               DCD              __initial_sp ; 0 Top of Stack
   68 00000004 00000000        DCD              Reset_Handler ; 1 Reset Handler
                                                            
   69 00000008 00000000        DCD              NMI_Handler ; 2 NMI Handler
   70 0000000C 00000000        DCD              HardFault_Handler ; 3 Hard Faul
                                                            t Handler
   71 00000010 00000000        DCD              MemManage_Handler ; 4 MPU Fault
                                                             Handler
   72 00000014 00000000        DCD              BusFault_Handler ; 5 Bus Fault 
                                                            Handler
   73 00000018 00000000        DCD              UsageFault_Handler ; 6 Usage Fa
                                                            ult Handler
   74 0000001C 5A5A5A5A        DCD              Sign_Value  ; 7 Reserved
   75 00000020 00000000        DCD              UnHandled_Vector ; 8 Reserved
   76 00000024 00000000        DCD              UnHandled_Vector ; 9 Reserved
   77 00000028 00000000        DCD              UnHandled_Vector ; 10 Reserved
   78 0000002C 00000000        DCD              vPortSVCHandler ; 11 FreeRTOS S
                                                            VCall Handler
   79 00000030 00000000        DCD              DebugMon_Handler ; 12 Debug Mon
                                                            itor Handler
   80 00000034 00000000        DCD              UnHandled_Vector ; 13 Reserved
   81 00000038 00000000        DCD              xPortPendSVHandler ; 14 FreeRTO
                                                            S PendSV Handler
   82 0000003C 00000000        DCD              xPortSysTickHandler ; 15 FreeRT
                                                            OS SysTick Handler
   83 00000040         
   84 00000040         ; External Interrupts    
   85 00000040         
   86 00000040 00000000        DCD              WDT_IRQHandler 
                                                            ; 16 Watchdog Timer
                                                            
   87 00000044 00000000        DCD              TIMER0_IRQHandler ; 17 Timer0
   88 00000048 00000000        DCD              TIMER1_IRQHandler ; 18 Timer1
   89 0000004C 00000000        DCD              TIMER2_IRQHandler ; 19 Timer2



ARM Macro Assembler    Page 4 


   90 00000050 00000000        DCD              TIMER3_IRQHandler ; 20 Timer3
   91 00000054 00000000        DCD              UART0_IRQHandler ; 21 UART0
   92 00000058 00000000        DCD              UART1_IRQHandler ; 22 UART1
   93 0000005C 00000000        DCD              UART2_IRQHandler ; 23 UART2
   94 00000060 00000000        DCD              UART3_IRQHandler ; 24 UART3
   95 00000064 00000000        DCD              PWM1_IRQHandler ; 25 PWM1
   96 00000068 00000000        DCD              I2C0_IRQHandler ; 26 I2C0
   97 0000006C 00000000        DCD              I2C1_IRQHandler ; 27 I2C1
   98 00000070 00000000        DCD              I2C2_IRQHandler ; 28 I2C2
   99 00000074         
  100 00000074         
  101 00000074         
  102 00000074 00000000        DCD              SPI_IRQHandler ; 29 SPI (only o
                                                            n the 175x/6x, rese
                                                            rved on other devic
                                                            es)
  103 00000078         
  104 00000078 00000000        DCD              SSP0_IRQHandler ; 30 SSP0
  105 0000007C 00000000        DCD              SSP1_IRQHandler ; 31 SSP1
  106 00000080 00000000        DCD              PLL0_IRQHandler ; 32 PLL0 Lock 
                                                            (Main PLL)
  107 00000084 00000000        DCD              RTC_IRQHandler ; 33 RTC
  108 00000088 00000000        DCD              EINT0_IRQHandler ; 34 External 
                                                            Interrupt 0
  109 0000008C 00000000        DCD              EINT1_IRQHandler ; 35 External 
                                                            Interrupt 1
  110 00000090 00000000        DCD              EINT2_IRQHandler ; 36 External 
                                                            Interrupt 2
  111 00000094 00000000        DCD              EINT3_IRQHandler ; 37 External 
                                                            Interrupt 3
  112 00000098 00000000        DCD              ADC_IRQHandler 
                                                            ; 38 A/D Converter
  113 0000009C 00000000        DCD              BOD_IRQHandler ; 39 Brown-Out D
                                                            etect
  114 000000A0 00000000        DCD              USB_IRQHandler ; 40 USB
  115 000000A4 00000000        DCD              CAN_IRQHandler ; 41 CAN
  116 000000A8 00000000        DCD              DMA_IRQHandler ; 42 General Pur
                                                            pose DMA
  117 000000AC 00000000        DCD              I2S_IRQHandler ; 43 I2S
  118 000000B0 00000000        DCD              ETH_IRQHandler ; 44 Ethernet
  119 000000B4         
  120 000000B4         
  121 000000B4         
  122 000000B4 00000000        DCD              RIT_IRQHandler ; 45 RITIMER
  123 000000B8         
  124 000000B8 00000000        DCD              MCPWM_IRQHandler ; 46 Motor Con
                                                            trol PWM
  125 000000BC 00000000        DCD              QEI_IRQHandler ; 47 QEI
  126 000000C0 00000000        DCD              PLL1_IRQHandler ; 48 PLL1 Lock 
                                                            (USB PLL)
  127 000000C4 00000000        DCD              USBActivity_IRQHandler ; 49 USB
                                                             Activity interrupt
                                                             to wakeup
  128 000000C8 00000000        DCD              CANActivity_IRQHandler ; 50 CAN
                                                             Activity interrupt
                                                             to wakeup
  129 000000CC         #line   137              "..\\lpcopen\\software\\freerto
s\\startup_code\\keil_freertos_startup_lpc17xx40xx.s"
  137 000000CC         



ARM Macro Assembler    Page 5 


  138 000000CC         ;                IF      :LNOT::DEF:NO_CRP
  139 000000CC         ;                AREA    |.ARM.__at_0x02FC|, CODE, READO
                       NLY
  140 000000CC         ;CRP_Key         DCD     0xFFFFFFFF
  141 000000CC         ;                ENDIF
  142 000000CC         
  143 000000CC                 AREA             |.text|, CODE, READONLY
  144 00000000         
  145 00000000         ; Reset Handler
  146 00000000         
  147 00000000         Reset_Handler
                               PROC
  148 00000000                 EXPORT           Reset_Handler             [WEAK
]
  149 00000000                 IMPORT           __main
  150 00000000                 IMPORT           SystemInit
  151 00000000 480A            LDR              R0, =SystemInit
  152 00000002 4780            BLX              R0
  153 00000004 480A            LDR              R0, =__main
  154 00000006 4700            BX               R0
  155 00000008                 ENDP
  156 00000008         
  157 00000008         ; Dummy Exception Handlers (infinite loops which can be 
                       modified)
  158 00000008         
  159 00000008         NMI_Handler
                               PROC
  160 00000008                 EXPORT           NMI_Handler               [WEAK
]
  161 00000008 E7FE            B                .
  162 0000000A                 ENDP
  163 0000000A         HardFault_Handler
                               PROC
  164 0000000A         
  165 0000000A                 EXPORT           HardFault_Handler         [WEAK
]
  166 0000000A E7FE            B                .
  167 0000000C                 ENDP
  168 0000000C         MemManage_Handler
                               PROC
  169 0000000C         
  170 0000000C                 EXPORT           MemManage_Handler         [WEAK
]
  171 0000000C E7FE            B                .
  172 0000000E                 ENDP
  173 0000000E         BusFault_Handler
                               PROC
  174 0000000E         
  175 0000000E                 EXPORT           BusFault_Handler          [WEAK
]
  176 0000000E E7FE            B                .
  177 00000010                 ENDP
  178 00000010         UsageFault_Handler
                               PROC
  179 00000010         
  180 00000010                 EXPORT           UsageFault_Handler        [WEAK
]
  181 00000010 E7FE            B                .
  182 00000012                 ENDP



ARM Macro Assembler    Page 6 


  183 00000012         SVC_Handler
                               PROC
  184 00000012                 EXPORT           SVC_Handler               [WEAK
]
  185 00000012 E7FE            B                .
  186 00000014                 ENDP
  187 00000014         DebugMon_Handler
                               PROC
  188 00000014         
  189 00000014                 EXPORT           DebugMon_Handler          [WEAK
]
  190 00000014 E7FE            B                .
  191 00000016                 ENDP
  192 00000016         PendSV_Handler
                               PROC
  193 00000016                 EXPORT           PendSV_Handler            [WEAK
]
  194 00000016 E7FE            B                .
  195 00000018                 ENDP
  196 00000018         SysTick_Handler
                               PROC
  197 00000018                 EXPORT           SysTick_Handler           [WEAK
]
  198 00000018 E7FE            B                .
  199 0000001A                 ENDP
  200 0000001A         UnHandled_Vector
                               PROC
  201 0000001A                 EXPORT           UnHandled_Vector          [WEAK
]
  202 0000001A E7FE            B                .
  203 0000001C                 ENDP
  204 0000001C         
  205 0000001C         Default_Handler
                               PROC
  206 0000001C         
  207 0000001C                 EXPORT           WDT_IRQHandler            [WEAK
]
  208 0000001C                 EXPORT           TIMER0_IRQHandler         [WEAK
]
  209 0000001C                 EXPORT           TIMER1_IRQHandler         [WEAK
]
  210 0000001C                 EXPORT           TIMER2_IRQHandler         [WEAK
]
  211 0000001C                 EXPORT           TIMER3_IRQHandler         [WEAK
]
  212 0000001C                 EXPORT           UART0_IRQHandler          [WEAK
]
  213 0000001C                 EXPORT           UART1_IRQHandler          [WEAK
]
  214 0000001C                 EXPORT           UART2_IRQHandler          [WEAK
]
  215 0000001C                 EXPORT           UART3_IRQHandler          [WEAK
]
  216 0000001C                 EXPORT           PWM1_IRQHandler           [WEAK
]
  217 0000001C                 EXPORT           I2C0_IRQHandler           [WEAK
]
  218 0000001C                 EXPORT           I2C1_IRQHandler           [WEAK
]



ARM Macro Assembler    Page 7 


  219 0000001C                 EXPORT           I2C2_IRQHandler           [WEAK
]
  220 0000001C                 EXPORT           SPI_IRQHandler            [WEAK
]
  221 0000001C                 EXPORT           SSP0_IRQHandler           [WEAK
]
  222 0000001C                 EXPORT           SSP1_IRQHandler           [WEAK
]
  223 0000001C                 EXPORT           PLL0_IRQHandler           [WEAK
]
  224 0000001C                 EXPORT           RTC_IRQHandler            [WEAK
]
  225 0000001C                 EXPORT           EINT0_IRQHandler          [WEAK
]
  226 0000001C                 EXPORT           EINT1_IRQHandler          [WEAK
]
  227 0000001C                 EXPORT           EINT2_IRQHandler          [WEAK
]
  228 0000001C                 EXPORT           EINT3_IRQHandler          [WEAK
]
  229 0000001C                 EXPORT           ADC_IRQHandler            [WEAK
]
  230 0000001C                 EXPORT           BOD_IRQHandler            [WEAK
]
  231 0000001C                 EXPORT           USB_IRQHandler            [WEAK
]
  232 0000001C                 EXPORT           CAN_IRQHandler            [WEAK
]
  233 0000001C                 EXPORT           DMA_IRQHandler            [WEAK
]
  234 0000001C                 EXPORT           I2S_IRQHandler            [WEAK
]
  235 0000001C                 EXPORT           ETH_IRQHandler            [WEAK
]
  236 0000001C         
  237 0000001C         
  238 0000001C         
  239 0000001C                 EXPORT           RIT_IRQHandler            [WEAK
]
  240 0000001C         
  241 0000001C                 EXPORT           MCPWM_IRQHandler          [WEAK
]
  242 0000001C                 EXPORT           QEI_IRQHandler            [WEAK
]
  243 0000001C                 EXPORT           PLL1_IRQHandler           [WEAK
]
  244 0000001C                 EXPORT           USBActivity_IRQHandler    [WEAK
]
  245 0000001C                 EXPORT           CANActivity_IRQHandler    [WEAK
]
  246 0000001C         #line   254              "..\\lpcopen\\software\\freerto
s\\startup_code\\keil_freertos_startup_lpc17xx40xx.s"
  254 0000001C         WDT_IRQHandler
  255 0000001C         TIMER0_IRQHandler
  256 0000001C         TIMER1_IRQHandler
  257 0000001C         TIMER2_IRQHandler
  258 0000001C         TIMER3_IRQHandler
  259 0000001C         UART0_IRQHandler
  260 0000001C         UART1_IRQHandler



ARM Macro Assembler    Page 8 


  261 0000001C         UART2_IRQHandler
  262 0000001C         UART3_IRQHandler
  263 0000001C         PWM1_IRQHandler
  264 0000001C         I2C0_IRQHandler
  265 0000001C         I2C1_IRQHandler
  266 0000001C         I2C2_IRQHandler
  267 0000001C         SPI_IRQHandler
  268 0000001C         SSP0_IRQHandler
  269 0000001C         SSP1_IRQHandler
  270 0000001C         PLL0_IRQHandler
  271 0000001C         RTC_IRQHandler
  272 0000001C         EINT0_IRQHandler
  273 0000001C         EINT1_IRQHandler
  274 0000001C         EINT2_IRQHandler
  275 0000001C         EINT3_IRQHandler
  276 0000001C         ADC_IRQHandler
  277 0000001C         BOD_IRQHandler
  278 0000001C         USB_IRQHandler
  279 0000001C         CAN_IRQHandler
  280 0000001C         DMA_IRQHandler
  281 0000001C         I2S_IRQHandler
  282 0000001C         ETH_IRQHandler
  283 0000001C         
  284 0000001C         
  285 0000001C         
  286 0000001C         RIT_IRQHandler
  287 0000001C         
  288 0000001C         MCPWM_IRQHandler
  289 0000001C         QEI_IRQHandler
  290 0000001C         PLL1_IRQHandler
  291 0000001C         USBActivity_IRQHandler
  292 0000001C         CANActivity_IRQHandler
  293 0000001C         #line   301              "..\\lpcopen\\software\\freerto
s\\startup_code\\keil_freertos_startup_lpc17xx40xx.s"
  301 0000001C         
  302 0000001C E7FE            B                .
  303 0000001E         
  304 0000001E                 ENDP
  305 0000001E         
  306 0000001E 00 00           ALIGN
  307 00000020         
  308 00000020         ; User Initial Stack & Heap
  309 00000020         
  310 00000020                 IF               :DEF:__MICROLIB
  317 00000020         
  318 00000020                 IMPORT           __use_two_region_memory
  319 00000020                 EXPORT           __user_initial_stackheap
  320 00000020         __user_initial_stackheap
  321 00000020         
  322 00000020 4804            LDR              R0, =  Heap_Mem
  323 00000022 4905            LDR              R1, =(Stack_Mem + Stack_Size)
  324 00000024 4A05            LDR              R2, = (Heap_Mem +  Heap_Size)
  325 00000026 4B06            LDR              R3, = Stack_Mem
  326 00000028 4770            BX               LR
  327 0000002A         
  328 0000002A 00 00           ALIGN
  329 0000002C         
  330 0000002C                 ENDIF
  331 0000002C         



ARM Macro Assembler    Page 9 


  332 0000002C                 END
              00000000 
              00000000 
              00000000 
              00000200 
              00003000 
              00000000 
Command Line: --debug --xref --cpreproc --cpu=Cortex-M3 --apcs=interwork --depe
nd=..\output\keil_freertos_startup_lpc17xx40xx.d -o..\output\keil_freertos_star
tup_lpc17xx40xx.o -I..\lpcopen\software\lpc_core\lpc_board\boards_17xx_40xx\lpc
1766stk -IC:\Keil4.7\ARM\RV31\INC -IC:\Keil4.7\ARM\CMSIS\Include -IC:\Keil4.7\A
RM\Inc\NXP\LPC17xx --predefine="__EVAL SETA 1" --predefine="CORE_M3 SETA 1" --l
ist=.\keil_freertos_startup_lpc17xx40xx.lst ..\lpcopen\software\freertos\startu
p_code\keil_freertos_startup_lpc17xx40xx.s



ARM Macro Assembler    Page 1 Alphabetic symbol ordering
Relocatable symbols

STACK 00000000

Symbol: STACK
   Definitions
      At line 40 in file ..\\lpcopen\\software\\freertos\\startup_code\\keil_fr
eertos_startup_lpc17xx40xx.s
   Uses
      None
Comment: STACK unused
Stack_Mem 00000000

Symbol: Stack_Mem
   Definitions
      At line 41 in file ..\\lpcopen\\software\\freertos\\startup_code\\keil_fr
eertos_startup_lpc17xx40xx.s
   Uses
      At line 323 in file ..\\lpcopen\\software\\freertos\\startup_code\\keil_f
reertos_startup_lpc17xx40xx.s
      At line 325 in file ..\\lpcopen\\software\\freertos\\startup_code\\keil_f
reertos_startup_lpc17xx40xx.s

__initial_sp 00000200

Symbol: __initial_sp
   Definitions
      At line 42 in file ..\\lpcopen\\software\\freertos\\startup_code\\keil_fr
eertos_startup_lpc17xx40xx.s
   Uses
      At line 67 in file ..\\lpcopen\\software\\freertos\\startup_code\\keil_fr
eertos_startup_lpc17xx40xx.s
Comment: __initial_sp used once
3 symbols



ARM Macro Assembler    Page 1 Alphabetic symbol ordering
Relocatable symbols

HEAP 00000000

Symbol: HEAP
   Definitions
      At line 50 in file ..\\lpcopen\\software\\freertos\\startup_code\\keil_fr
eertos_startup_lpc17xx40xx.s
   Uses
      None
Comment: HEAP unused
Heap_Mem 00000000

Symbol: Heap_Mem
   Definitions
      At line 52 in file ..\\lpcopen\\software\\freertos\\startup_code\\keil_fr
eertos_startup_lpc17xx40xx.s
   Uses
      At line 322 in file ..\\lpcopen\\software\\freertos\\startup_code\\keil_f
reertos_startup_lpc17xx40xx.s
      At line 324 in file ..\\lpcopen\\software\\freertos\\startup_code\\keil_f
reertos_startup_lpc17xx40xx.s

__heap_base 00000000

Symbol: __heap_base
   Definitions
      At line 51 in file ..\\lpcopen\\software\\freertos\\startup_code\\keil_fr
eertos_startup_lpc17xx40xx.s
   Uses
      None
Comment: __heap_base unused
__heap_limit 00003000

Symbol: __heap_limit
   Definitions
      At line 53 in file ..\\lpcopen\\software\\freertos\\startup_code\\keil_fr
eertos_startup_lpc17xx40xx.s
   Uses
      None
Comment: __heap_limit unused
4 symbols



ARM Macro Assembler    Page 1 Alphabetic symbol ordering
Relocatable symbols

RESET 00000000

Symbol: RESET
   Definitions
      At line 62 in file ..\\lpcopen\\software\\freertos\\startup_code\\keil_fr
eertos_startup_lpc17xx40xx.s
   Uses
      None
Comment: RESET unused
__Vectors 00000000

Symbol: __Vectors
   Definitions
      At line 67 in file ..\\lpcopen\\software\\freertos\\startup_code\\keil_fr
eertos_startup_lpc17xx40xx.s
   Uses
      At line 63 in file ..\\lpcopen\\software\\freertos\\startup_code\\keil_fr
eertos_startup_lpc17xx40xx.s
Comment: __Vectors used once
2 symbols



ARM Macro Assembler    Page 1 Alphabetic symbol ordering
Relocatable symbols

.text 00000000

Symbol: .text
   Definitions
      At line 143 in file ..\\lpcopen\\software\\freertos\\startup_code\\keil_f
reertos_startup_lpc17xx40xx.s
   Uses
      None
Comment: .text unused
ADC_IRQHandler 0000001C

Symbol: ADC_IRQHandler
   Definitions
      At line 276 in file ..\\lpcopen\\software\\freertos\\startup_code\\keil_f
reertos_startup_lpc17xx40xx.s
   Uses
      At line 112 in file ..\\lpcopen\\software\\freertos\\startup_code\\keil_f
reertos_startup_lpc17xx40xx.s
      At line 229 in file ..\\lpcopen\\software\\freertos\\startup_code\\keil_f
reertos_startup_lpc17xx40xx.s

BOD_IRQHandler 0000001C

Symbol: BOD_IRQHandler
   Definitions
      At line 277 in file ..\\lpcopen\\software\\freertos\\startup_code\\keil_f
reertos_startup_lpc17xx40xx.s
   Uses
      At line 113 in file ..\\lpcopen\\software\\freertos\\startup_code\\keil_f
reertos_startup_lpc17xx40xx.s
      At line 230 in file ..\\lpcopen\\software\\freertos\\startup_code\\keil_f
reertos_startup_lpc17xx40xx.s

BusFault_Handler 0000000E

Symbol: BusFault_Handler
   Definitions
      At line 173 in file ..\\lpcopen\\software\\freertos\\startup_code\\keil_f
reertos_startup_lpc17xx40xx.s
   Uses
      At line 72 in file ..\\lpcopen\\software\\freertos\\startup_code\\keil_fr
eertos_startup_lpc17xx40xx.s
      At line 175 in file ..\\lpcopen\\software\\freertos\\startup_code\\keil_f
reertos_startup_lpc17xx40xx.s

CANActivity_IRQHandler 0000001C

Symbol: CANActivity_IRQHandler
   Definitions
      At line 292 in file ..\\lpcopen\\software\\freertos\\startup_code\\keil_f
reertos_startup_lpc17xx40xx.s
   Uses
      At line 128 in file ..\\lpcopen\\software\\freertos\\startup_code\\keil_f
reertos_startup_lpc17xx40xx.s
      At line 245 in file ..\\lpcopen\\software\\freertos\\startup_code\\keil_f
reertos_startup_lpc17xx40xx.s

CAN_IRQHandler 0000001C




ARM Macro Assembler    Page 2 Alphabetic symbol ordering
Relocatable symbols

Symbol: CAN_IRQHandler
   Definitions
      At line 279 in file ..\\lpcopen\\software\\freertos\\startup_code\\keil_f
reertos_startup_lpc17xx40xx.s
   Uses
      At line 115 in file ..\\lpcopen\\software\\freertos\\startup_code\\keil_f
reertos_startup_lpc17xx40xx.s
      At line 232 in file ..\\lpcopen\\software\\freertos\\startup_code\\keil_f
reertos_startup_lpc17xx40xx.s

DMA_IRQHandler 0000001C

Symbol: DMA_IRQHandler
   Definitions
      At line 280 in file ..\\lpcopen\\software\\freertos\\startup_code\\keil_f
reertos_startup_lpc17xx40xx.s
   Uses
      At line 116 in file ..\\lpcopen\\software\\freertos\\startup_code\\keil_f
reertos_startup_lpc17xx40xx.s
      At line 233 in file ..\\lpcopen\\software\\freertos\\startup_code\\keil_f
reertos_startup_lpc17xx40xx.s

DebugMon_Handler 00000014

Symbol: DebugMon_Handler
   Definitions
      At line 187 in file ..\\lpcopen\\software\\freertos\\startup_code\\keil_f
reertos_startup_lpc17xx40xx.s
   Uses
      At line 79 in file ..\\lpcopen\\software\\freertos\\startup_code\\keil_fr
eertos_startup_lpc17xx40xx.s
      At line 189 in file ..\\lpcopen\\software\\freertos\\startup_code\\keil_f
reertos_startup_lpc17xx40xx.s

Default_Handler 0000001C

Symbol: Default_Handler
   Definitions
      At line 205 in file ..\\lpcopen\\software\\freertos\\startup_code\\keil_f
reertos_startup_lpc17xx40xx.s
   Uses
      None
Comment: Default_Handler unused
EINT0_IRQHandler 0000001C

Symbol: EINT0_IRQHandler
   Definitions
      At line 272 in file ..\\lpcopen\\software\\freertos\\startup_code\\keil_f
reertos_startup_lpc17xx40xx.s
   Uses
      At line 108 in file ..\\lpcopen\\software\\freertos\\startup_code\\keil_f
reertos_startup_lpc17xx40xx.s
      At line 225 in file ..\\lpcopen\\software\\freertos\\startup_code\\keil_f
reertos_startup_lpc17xx40xx.s

EINT1_IRQHandler 0000001C

Symbol: EINT1_IRQHandler
   Definitions



ARM Macro Assembler    Page 3 Alphabetic symbol ordering
Relocatable symbols

      At line 273 in file ..\\lpcopen\\software\\freertos\\startup_code\\keil_f
reertos_startup_lpc17xx40xx.s
   Uses
      At line 109 in file ..\\lpcopen\\software\\freertos\\startup_code\\keil_f
reertos_startup_lpc17xx40xx.s
      At line 226 in file ..\\lpcopen\\software\\freertos\\startup_code\\keil_f
reertos_startup_lpc17xx40xx.s

EINT2_IRQHandler 0000001C

Symbol: EINT2_IRQHandler
   Definitions
      At line 274 in file ..\\lpcopen\\software\\freertos\\startup_code\\keil_f
reertos_startup_lpc17xx40xx.s
   Uses
      At line 110 in file ..\\lpcopen\\software\\freertos\\startup_code\\keil_f
reertos_startup_lpc17xx40xx.s
      At line 227 in file ..\\lpcopen\\software\\freertos\\startup_code\\keil_f
reertos_startup_lpc17xx40xx.s

EINT3_IRQHandler 0000001C

Symbol: EINT3_IRQHandler
   Definitions
      At line 275 in file ..\\lpcopen\\software\\freertos\\startup_code\\keil_f
reertos_startup_lpc17xx40xx.s
   Uses
      At line 111 in file ..\\lpcopen\\software\\freertos\\startup_code\\keil_f
reertos_startup_lpc17xx40xx.s
      At line 228 in file ..\\lpcopen\\software\\freertos\\startup_code\\keil_f
reertos_startup_lpc17xx40xx.s

ETH_IRQHandler 0000001C

Symbol: ETH_IRQHandler
   Definitions
      At line 282 in file ..\\lpcopen\\software\\freertos\\startup_code\\keil_f
reertos_startup_lpc17xx40xx.s
   Uses
      At line 118 in file ..\\lpcopen\\software\\freertos\\startup_code\\keil_f
reertos_startup_lpc17xx40xx.s
      At line 235 in file ..\\lpcopen\\software\\freertos\\startup_code\\keil_f
reertos_startup_lpc17xx40xx.s

HardFault_Handler 0000000A

Symbol: HardFault_Handler
   Definitions
      At line 163 in file ..\\lpcopen\\software\\freertos\\startup_code\\keil_f
reertos_startup_lpc17xx40xx.s
   Uses
      At line 70 in file ..\\lpcopen\\software\\freertos\\startup_code\\keil_fr
eertos_startup_lpc17xx40xx.s
      At line 165 in file ..\\lpcopen\\software\\freertos\\startup_code\\keil_f
reertos_startup_lpc17xx40xx.s

I2C0_IRQHandler 0000001C

Symbol: I2C0_IRQHandler



ARM Macro Assembler    Page 4 Alphabetic symbol ordering
Relocatable symbols

   Definitions
      At line 264 in file ..\\lpcopen\\software\\freertos\\startup_code\\keil_f
reertos_startup_lpc17xx40xx.s
   Uses
      At line 96 in file ..\\lpcopen\\software\\freertos\\startup_code\\keil_fr
eertos_startup_lpc17xx40xx.s
      At line 217 in file ..\\lpcopen\\software\\freertos\\startup_code\\keil_f
reertos_startup_lpc17xx40xx.s

I2C1_IRQHandler 0000001C

Symbol: I2C1_IRQHandler
   Definitions
      At line 265 in file ..\\lpcopen\\software\\freertos\\startup_code\\keil_f
reertos_startup_lpc17xx40xx.s
   Uses
      At line 97 in file ..\\lpcopen\\software\\freertos\\startup_code\\keil_fr
eertos_startup_lpc17xx40xx.s
      At line 218 in file ..\\lpcopen\\software\\freertos\\startup_code\\keil_f
reertos_startup_lpc17xx40xx.s

I2C2_IRQHandler 0000001C

Symbol: I2C2_IRQHandler
   Definitions
      At line 266 in file ..\\lpcopen\\software\\freertos\\startup_code\\keil_f
reertos_startup_lpc17xx40xx.s
   Uses
      At line 98 in file ..\\lpcopen\\software\\freertos\\startup_code\\keil_fr
eertos_startup_lpc17xx40xx.s
      At line 219 in file ..\\lpcopen\\software\\freertos\\startup_code\\keil_f
reertos_startup_lpc17xx40xx.s

I2S_IRQHandler 0000001C

Symbol: I2S_IRQHandler
   Definitions
      At line 281 in file ..\\lpcopen\\software\\freertos\\startup_code\\keil_f
reertos_startup_lpc17xx40xx.s
   Uses
      At line 117 in file ..\\lpcopen\\software\\freertos\\startup_code\\keil_f
reertos_startup_lpc17xx40xx.s
      At line 234 in file ..\\lpcopen\\software\\freertos\\startup_code\\keil_f
reertos_startup_lpc17xx40xx.s

MCPWM_IRQHandler 0000001C

Symbol: MCPWM_IRQHandler
   Definitions
      At line 288 in file ..\\lpcopen\\software\\freertos\\startup_code\\keil_f
reertos_startup_lpc17xx40xx.s
   Uses
      At line 124 in file ..\\lpcopen\\software\\freertos\\startup_code\\keil_f
reertos_startup_lpc17xx40xx.s
      At line 241 in file ..\\lpcopen\\software\\freertos\\startup_code\\keil_f
reertos_startup_lpc17xx40xx.s

MemManage_Handler 0000000C




ARM Macro Assembler    Page 5 Alphabetic symbol ordering
Relocatable symbols

Symbol: MemManage_Handler
   Definitions
      At line 168 in file ..\\lpcopen\\software\\freertos\\startup_code\\keil_f
reertos_startup_lpc17xx40xx.s
   Uses
      At line 71 in file ..\\lpcopen\\software\\freertos\\startup_code\\keil_fr
eertos_startup_lpc17xx40xx.s
      At line 170 in file ..\\lpcopen\\software\\freertos\\startup_code\\keil_f
reertos_startup_lpc17xx40xx.s

NMI_Handler 00000008

Symbol: NMI_Handler
   Definitions
      At line 159 in file ..\\lpcopen\\software\\freertos\\startup_code\\keil_f
reertos_startup_lpc17xx40xx.s
   Uses
      At line 69 in file ..\\lpcopen\\software\\freertos\\startup_code\\keil_fr
eertos_startup_lpc17xx40xx.s
      At line 160 in file ..\\lpcopen\\software\\freertos\\startup_code\\keil_f
reertos_startup_lpc17xx40xx.s

PLL0_IRQHandler 0000001C

Symbol: PLL0_IRQHandler
   Definitions
      At line 270 in file ..\\lpcopen\\software\\freertos\\startup_code\\keil_f
reertos_startup_lpc17xx40xx.s
   Uses
      At line 106 in file ..\\lpcopen\\software\\freertos\\startup_code\\keil_f
reertos_startup_lpc17xx40xx.s
      At line 223 in file ..\\lpcopen\\software\\freertos\\startup_code\\keil_f
reertos_startup_lpc17xx40xx.s

PLL1_IRQHandler 0000001C

Symbol: PLL1_IRQHandler
   Definitions
      At line 290 in file ..\\lpcopen\\software\\freertos\\startup_code\\keil_f
reertos_startup_lpc17xx40xx.s
   Uses
      At line 126 in file ..\\lpcopen\\software\\freertos\\startup_code\\keil_f
reertos_startup_lpc17xx40xx.s
      At line 243 in file ..\\lpcopen\\software\\freertos\\startup_code\\keil_f
reertos_startup_lpc17xx40xx.s

PWM1_IRQHandler 0000001C

Symbol: PWM1_IRQHandler
   Definitions
      At line 263 in file ..\\lpcopen\\software\\freertos\\startup_code\\keil_f
reertos_startup_lpc17xx40xx.s
   Uses
      At line 95 in file ..\\lpcopen\\software\\freertos\\startup_code\\keil_fr
eertos_startup_lpc17xx40xx.s
      At line 216 in file ..\\lpcopen\\software\\freertos\\startup_code\\keil_f
reertos_startup_lpc17xx40xx.s

PendSV_Handler 00000016



ARM Macro Assembler    Page 6 Alphabetic symbol ordering
Relocatable symbols


Symbol: PendSV_Handler
   Definitions
      At line 192 in file ..\\lpcopen\\software\\freertos\\startup_code\\keil_f
reertos_startup_lpc17xx40xx.s
   Uses
      At line 193 in file ..\\lpcopen\\software\\freertos\\startup_code\\keil_f
reertos_startup_lpc17xx40xx.s
Comment: PendSV_Handler used once
QEI_IRQHandler 0000001C

Symbol: QEI_IRQHandler
   Definitions
      At line 289 in file ..\\lpcopen\\software\\freertos\\startup_code\\keil_f
reertos_startup_lpc17xx40xx.s
   Uses
      At line 125 in file ..\\lpcopen\\software\\freertos\\startup_code\\keil_f
reertos_startup_lpc17xx40xx.s
      At line 242 in file ..\\lpcopen\\software\\freertos\\startup_code\\keil_f
reertos_startup_lpc17xx40xx.s

RIT_IRQHandler 0000001C

Symbol: RIT_IRQHandler
   Definitions
      At line 286 in file ..\\lpcopen\\software\\freertos\\startup_code\\keil_f
reertos_startup_lpc17xx40xx.s
   Uses
      At line 122 in file ..\\lpcopen\\software\\freertos\\startup_code\\keil_f
reertos_startup_lpc17xx40xx.s
      At line 239 in file ..\\lpcopen\\software\\freertos\\startup_code\\keil_f
reertos_startup_lpc17xx40xx.s

RTC_IRQHandler 0000001C

Symbol: RTC_IRQHandler
   Definitions
      At line 271 in file ..\\lpcopen\\software\\freertos\\startup_code\\keil_f
reertos_startup_lpc17xx40xx.s
   Uses
      At line 107 in file ..\\lpcopen\\software\\freertos\\startup_code\\keil_f
reertos_startup_lpc17xx40xx.s
      At line 224 in file ..\\lpcopen\\software\\freertos\\startup_code\\keil_f
reertos_startup_lpc17xx40xx.s

Reset_Handler 00000000

Symbol: Reset_Handler
   Definitions
      At line 147 in file ..\\lpcopen\\software\\freertos\\startup_code\\keil_f
reertos_startup_lpc17xx40xx.s
   Uses
      At line 68 in file ..\\lpcopen\\software\\freertos\\startup_code\\keil_fr
eertos_startup_lpc17xx40xx.s
      At line 148 in file ..\\lpcopen\\software\\freertos\\startup_code\\keil_f
reertos_startup_lpc17xx40xx.s

SPI_IRQHandler 0000001C




ARM Macro Assembler    Page 7 Alphabetic symbol ordering
Relocatable symbols

Symbol: SPI_IRQHandler
   Definitions
      At line 267 in file ..\\lpcopen\\software\\freertos\\startup_code\\keil_f
reertos_startup_lpc17xx40xx.s
   Uses
      At line 102 in file ..\\lpcopen\\software\\freertos\\startup_code\\keil_f
reertos_startup_lpc17xx40xx.s
      At line 220 in file ..\\lpcopen\\software\\freertos\\startup_code\\keil_f
reertos_startup_lpc17xx40xx.s

SSP0_IRQHandler 0000001C

Symbol: SSP0_IRQHandler
   Definitions
      At line 268 in file ..\\lpcopen\\software\\freertos\\startup_code\\keil_f
reertos_startup_lpc17xx40xx.s
   Uses
      At line 104 in file ..\\lpcopen\\software\\freertos\\startup_code\\keil_f
reertos_startup_lpc17xx40xx.s
      At line 221 in file ..\\lpcopen\\software\\freertos\\startup_code\\keil_f
reertos_startup_lpc17xx40xx.s

SSP1_IRQHandler 0000001C

Symbol: SSP1_IRQHandler
   Definitions
      At line 269 in file ..\\lpcopen\\software\\freertos\\startup_code\\keil_f
reertos_startup_lpc17xx40xx.s
   Uses
      At line 105 in file ..\\lpcopen\\software\\freertos\\startup_code\\keil_f
reertos_startup_lpc17xx40xx.s
      At line 222 in file ..\\lpcopen\\software\\freertos\\startup_code\\keil_f
reertos_startup_lpc17xx40xx.s

SVC_Handler 00000012

Symbol: SVC_Handler
   Definitions
      At line 183 in file ..\\lpcopen\\software\\freertos\\startup_code\\keil_f
reertos_startup_lpc17xx40xx.s
   Uses
      At line 184 in file ..\\lpcopen\\software\\freertos\\startup_code\\keil_f
reertos_startup_lpc17xx40xx.s
Comment: SVC_Handler used once
SysTick_Handler 00000018

Symbol: SysTick_Handler
   Definitions
      At line 196 in file ..\\lpcopen\\software\\freertos\\startup_code\\keil_f
reertos_startup_lpc17xx40xx.s
   Uses
      At line 197 in file ..\\lpcopen\\software\\freertos\\startup_code\\keil_f
reertos_startup_lpc17xx40xx.s
Comment: SysTick_Handler used once
TIMER0_IRQHandler 0000001C

Symbol: TIMER0_IRQHandler
   Definitions
      At line 255 in file ..\\lpcopen\\software\\freertos\\startup_code\\keil_f



ARM Macro Assembler    Page 8 Alphabetic symbol ordering
Relocatable symbols

reertos_startup_lpc17xx40xx.s
   Uses
      At line 87 in file ..\\lpcopen\\software\\freertos\\startup_code\\keil_fr
eertos_startup_lpc17xx40xx.s
      At line 208 in file ..\\lpcopen\\software\\freertos\\startup_code\\keil_f
reertos_startup_lpc17xx40xx.s

TIMER1_IRQHandler 0000001C

Symbol: TIMER1_IRQHandler
   Definitions
      At line 256 in file ..\\lpcopen\\software\\freertos\\startup_code\\keil_f
reertos_startup_lpc17xx40xx.s
   Uses
      At line 88 in file ..\\lpcopen\\software\\freertos\\startup_code\\keil_fr
eertos_startup_lpc17xx40xx.s
      At line 209 in file ..\\lpcopen\\software\\freertos\\startup_code\\keil_f
reertos_startup_lpc17xx40xx.s

TIMER2_IRQHandler 0000001C

Symbol: TIMER2_IRQHandler
   Definitions
      At line 257 in file ..\\lpcopen\\software\\freertos\\startup_code\\keil_f
reertos_startup_lpc17xx40xx.s
   Uses
      At line 89 in file ..\\lpcopen\\software\\freertos\\startup_code\\keil_fr
eertos_startup_lpc17xx40xx.s
      At line 210 in file ..\\lpcopen\\software\\freertos\\startup_code\\keil_f
reertos_startup_lpc17xx40xx.s

TIMER3_IRQHandler 0000001C

Symbol: TIMER3_IRQHandler
   Definitions
      At line 258 in file ..\\lpcopen\\software\\freertos\\startup_code\\keil_f
reertos_startup_lpc17xx40xx.s
   Uses
      At line 90 in file ..\\lpcopen\\software\\freertos\\startup_code\\keil_fr
eertos_startup_lpc17xx40xx.s
      At line 211 in file ..\\lpcopen\\software\\freertos\\startup_code\\keil_f
reertos_startup_lpc17xx40xx.s

UART0_IRQHandler 0000001C

Symbol: UART0_IRQHandler
   Definitions
      At line 259 in file ..\\lpcopen\\software\\freertos\\startup_code\\keil_f
reertos_startup_lpc17xx40xx.s
   Uses
      At line 91 in file ..\\lpcopen\\software\\freertos\\startup_code\\keil_fr
eertos_startup_lpc17xx40xx.s
      At line 212 in file ..\\lpcopen\\software\\freertos\\startup_code\\keil_f
reertos_startup_lpc17xx40xx.s

UART1_IRQHandler 0000001C

Symbol: UART1_IRQHandler
   Definitions



ARM Macro Assembler    Page 9 Alphabetic symbol ordering
Relocatable symbols

      At line 260 in file ..\\lpcopen\\software\\freertos\\startup_code\\keil_f
reertos_startup_lpc17xx40xx.s
   Uses
      At line 92 in file ..\\lpcopen\\software\\freertos\\startup_code\\keil_fr
eertos_startup_lpc17xx40xx.s
      At line 213 in file ..\\lpcopen\\software\\freertos\\startup_code\\keil_f
reertos_startup_lpc17xx40xx.s

UART2_IRQHandler 0000001C

Symbol: UART2_IRQHandler
   Definitions
      At line 261 in file ..\\lpcopen\\software\\freertos\\startup_code\\keil_f
reertos_startup_lpc17xx40xx.s
   Uses
      At line 93 in file ..\\lpcopen\\software\\freertos\\startup_code\\keil_fr
eertos_startup_lpc17xx40xx.s
      At line 214 in file ..\\lpcopen\\software\\freertos\\startup_code\\keil_f
reertos_startup_lpc17xx40xx.s

UART3_IRQHandler 0000001C

Symbol: UART3_IRQHandler
   Definitions
      At line 262 in file ..\\lpcopen\\software\\freertos\\startup_code\\keil_f
reertos_startup_lpc17xx40xx.s
   Uses
      At line 94 in file ..\\lpcopen\\software\\freertos\\startup_code\\keil_fr
eertos_startup_lpc17xx40xx.s
      At line 215 in file ..\\lpcopen\\software\\freertos\\startup_code\\keil_f
reertos_startup_lpc17xx40xx.s

USBActivity_IRQHandler 0000001C

Symbol: USBActivity_IRQHandler
   Definitions
      At line 291 in file ..\\lpcopen\\software\\freertos\\startup_code\\keil_f
reertos_startup_lpc17xx40xx.s
   Uses
      At line 127 in file ..\\lpcopen\\software\\freertos\\startup_code\\keil_f
reertos_startup_lpc17xx40xx.s
      At line 244 in file ..\\lpcopen\\software\\freertos\\startup_code\\keil_f
reertos_startup_lpc17xx40xx.s

USB_IRQHandler 0000001C

Symbol: USB_IRQHandler
   Definitions
      At line 278 in file ..\\lpcopen\\software\\freertos\\startup_code\\keil_f
reertos_startup_lpc17xx40xx.s
   Uses
      At line 114 in file ..\\lpcopen\\software\\freertos\\startup_code\\keil_f
reertos_startup_lpc17xx40xx.s
      At line 231 in file ..\\lpcopen\\software\\freertos\\startup_code\\keil_f
reertos_startup_lpc17xx40xx.s

UnHandled_Vector 0000001A

Symbol: UnHandled_Vector



ARM Macro Assembler    Page 10 Alphabetic symbol ordering
Relocatable symbols

   Definitions
      At line 200 in file ..\\lpcopen\\software\\freertos\\startup_code\\keil_f
reertos_startup_lpc17xx40xx.s
   Uses
      At line 75 in file ..\\lpcopen\\software\\freertos\\startup_code\\keil_fr
eertos_startup_lpc17xx40xx.s
      At line 76 in file ..\\lpcopen\\software\\freertos\\startup_code\\keil_fr
eertos_startup_lpc17xx40xx.s
      At line 77 in file ..\\lpcopen\\software\\freertos\\startup_code\\keil_fr
eertos_startup_lpc17xx40xx.s
      At line 80 in file ..\\lpcopen\\software\\freertos\\startup_code\\keil_fr
eertos_startup_lpc17xx40xx.s
      At line 201 in file ..\\lpcopen\\software\\freertos\\startup_code\\keil_f
reertos_startup_lpc17xx40xx.s

UsageFault_Handler 00000010

Symbol: UsageFault_Handler
   Definitions
      At line 178 in file ..\\lpcopen\\software\\freertos\\startup_code\\keil_f
reertos_startup_lpc17xx40xx.s
   Uses
      At line 73 in file ..\\lpcopen\\software\\freertos\\startup_code\\keil_fr
eertos_startup_lpc17xx40xx.s
      At line 180 in file ..\\lpcopen\\software\\freertos\\startup_code\\keil_f
reertos_startup_lpc17xx40xx.s

WDT_IRQHandler 0000001C

Symbol: WDT_IRQHandler
   Definitions
      At line 254 in file ..\\lpcopen\\software\\freertos\\startup_code\\keil_f
reertos_startup_lpc17xx40xx.s
   Uses
      At line 86 in file ..\\lpcopen\\software\\freertos\\startup_code\\keil_fr
eertos_startup_lpc17xx40xx.s
      At line 207 in file ..\\lpcopen\\software\\freertos\\startup_code\\keil_f
reertos_startup_lpc17xx40xx.s

__user_initial_stackheap 00000020

Symbol: __user_initial_stackheap
   Definitions
      At line 320 in file ..\\lpcopen\\software\\freertos\\startup_code\\keil_f
reertos_startup_lpc17xx40xx.s
   Uses
      At line 319 in file ..\\lpcopen\\software\\freertos\\startup_code\\keil_f
reertos_startup_lpc17xx40xx.s
Comment: __user_initial_stackheap used once
49 symbols



ARM Macro Assembler    Page 1 Alphabetic symbol ordering
Absolute symbols

Heap_Size 00003000

Symbol: Heap_Size
   Definitions
      At line 48 in file ..\\lpcopen\\software\\freertos\\startup_code\\keil_fr
eertos_startup_lpc17xx40xx.s
   Uses
      At line 52 in file ..\\lpcopen\\software\\freertos\\startup_code\\keil_fr
eertos_startup_lpc17xx40xx.s
      At line 324 in file ..\\lpcopen\\software\\freertos\\startup_code\\keil_f
reertos_startup_lpc17xx40xx.s

Sign_Value 5A5A5A5A

Symbol: Sign_Value
   Definitions
      At line 65 in file ..\\lpcopen\\software\\freertos\\startup_code\\keil_fr
eertos_startup_lpc17xx40xx.s
   Uses
      At line 74 in file ..\\lpcopen\\software\\freertos\\startup_code\\keil_fr
eertos_startup_lpc17xx40xx.s
Comment: Sign_Value used once
Stack_Size 00000200

Symbol: Stack_Size
   Definitions
      At line 38 in file ..\\lpcopen\\software\\freertos\\startup_code\\keil_fr
eertos_startup_lpc17xx40xx.s
   Uses
      At line 41 in file ..\\lpcopen\\software\\freertos\\startup_code\\keil_fr
eertos_startup_lpc17xx40xx.s
      At line 323 in file ..\\lpcopen\\software\\freertos\\startup_code\\keil_f
reertos_startup_lpc17xx40xx.s

3 symbols



ARM Macro Assembler    Page 1 Alphabetic symbol ordering
External symbols

SystemInit 00000000

Symbol: SystemInit
   Definitions
      At line 150 in file ..\\lpcopen\\software\\freertos\\startup_code\\keil_f
reertos_startup_lpc17xx40xx.s
   Uses
      At line 151 in file ..\\lpcopen\\software\\freertos\\startup_code\\keil_f
reertos_startup_lpc17xx40xx.s
Comment: SystemInit used once
__main 00000000

Symbol: __main
   Definitions
      At line 149 in file ..\\lpcopen\\software\\freertos\\startup_code\\keil_f
reertos_startup_lpc17xx40xx.s
   Uses
      At line 153 in file ..\\lpcopen\\software\\freertos\\startup_code\\keil_f
reertos_startup_lpc17xx40xx.s
Comment: __main used once
__use_two_region_memory 00000000

Symbol: __use_two_region_memory
   Definitions
      At line 318 in file ..\\lpcopen\\software\\freertos\\startup_code\\keil_f
reertos_startup_lpc17xx40xx.s
   Uses
      None
Comment: __use_two_region_memory unused
vPortSVCHandler 00000000

Symbol: vPortSVCHandler
   Definitions
      At line 56 in file ..\\lpcopen\\software\\freertos\\startup_code\\keil_fr
eertos_startup_lpc17xx40xx.s
   Uses
      At line 78 in file ..\\lpcopen\\software\\freertos\\startup_code\\keil_fr
eertos_startup_lpc17xx40xx.s
Comment: vPortSVCHandler used once
xPortPendSVHandler 00000000

Symbol: xPortPendSVHandler
   Definitions
      At line 55 in file ..\\lpcopen\\software\\freertos\\startup_code\\keil_fr
eertos_startup_lpc17xx40xx.s
   Uses
      At line 81 in file ..\\lpcopen\\software\\freertos\\startup_code\\keil_fr
eertos_startup_lpc17xx40xx.s
Comment: xPortPendSVHandler used once
xPortSysTickHandler 00000000

Symbol: xPortSysTickHandler
   Definitions
      At line 54 in file ..\\lpcopen\\software\\freertos\\startup_code\\keil_fr
eertos_startup_lpc17xx40xx.s
   Uses
      At line 82 in file ..\\lpcopen\\software\\freertos\\startup_code\\keil_fr
eertos_startup_lpc17xx40xx.s
Comment: xPortSysTickHandler used once



ARM Macro Assembler    Page 2 Alphabetic symbol ordering
External symbols

6 symbols
403 symbols in table
